### VARIABLES ###
EMEWS_PROJECT_ROOT=/gpfs/scratch/cns03/cns03363/janina_project/spheroid-tnf-v2-emews
EXPID=hns_geometric_1440
TURBINE_OUTPUT=/gpfs/scratch/cns03/cns03363/janina_project/spheroid-tnf-v2-emews/experiments/hns_geometric_1440
PROCS=48
QUEUE=main
WALLTIME=30:59:00
PPN=6
TURBINE_JOBNAME=hns_geometric_1440_job
PYTHONPATH=/gpfs/scratch/cns03/cns03363/janina_project/spheroid-tnf-v2-emews/python:/gpfs/scratch/cns03/cns03363/janina_project/spheroid-tnf-v2-emews/ext/EQ-Py
R_HOME=/apps/R/3.4.0/lib64/R
LD_LIBRARY_PATH=/apps/SWIFTT/1.4.3/turbine/lib:/apps/R/3.4.0/lib64/R/lib:/apps/MARIADB/10.3.5/lib:/apps/PYTHON/3.6.1/INTEL/lib:/apps/INTEL/2017.4/mkl/lib/intel64:/apps/INTEL/2017.4/impi/2017.3.196/lib64:/apps/INTEL/2017.4/lib/intel64
DYLD_LIBRARY_PATH=
TURBINE_RESIDENT_WORK_WORKERS=1
RESIDENT_WORK_RANKS=46
EQPY=/gpfs/scratch/cns03/cns03363/janina_project/spheroid-tnf-v2-emews/ext/EQ-Py
EQR=
CMD_LINE_ARGS=hns_geometric_1440 ../data/tnf_params.json -ni=100 -nv=3 -st=hide-and-seek -cs=geometric -exe=/gpfs/scratch/cns03/cns03363/janina_project/spheroid-tnf-v2-emews/experiments/hns_geometric_1440/spheroid_TNF -settings=/gpfs/scratch/cns03/cns03363/janina_project/spheroid-tnf-v2-emews/experiments/hns_geometric_1440/PhysiCell_settings.xml -ga_parameters=/gpfs/scratch/cns03/cns03363/janina_project/spheroid-tnf-v2-emews/experiments/hns_geometric_1440/tnf_params.json
MACHINE=-m slurm

## SCRIPT ###
#! /usr/bin/env bash

set -eu

if [ "$#" -ne 2 ]; then
  script_name=$(basename $0)
  echo "Usage: ${script_name} EXPERIMENT_ID GA_PARAMS_FILE (e.g. ${script_name} experiment_1 data/ga_params.json)"
  exit 1
fi

# uncomment to turn on swift/t logging. Can also set TURBINE_LOG,
# TURBINE_DEBUG, and ADLB_DEBUG to 0 to turn off logging
# export TURBINE_LOG=1 TURBINE_DEBUG=1 ADLB_DEBUG=1
export EMEWS_PROJECT_ROOT=$( cd $( dirname $0 )/.. ; /bin/pwd )
# source some utility functions used by EMEWS in this script
source "${EMEWS_PROJECT_ROOT}/etc/emews_utils.sh"


export EXPID=$1
export TURBINE_OUTPUT=$EMEWS_PROJECT_ROOT/experiments/$EXPID
check_directory_exists

# TODO edit the number of processes as required.
export PROCS=48

# TODO edit QUEUE, WALLTIME, PPN, AND TURNBINE_JOBNAME
# as required. Note that QUEUE, WALLTIME, PPN, AND TURNBINE_JOBNAME will
# be ignored if MACHINE flag (see below) is not set
export QUEUE=main
export WALLTIME=30:59:00
export PPN=6
export TURBINE_JOBNAME="${EXPID}_job"

# Extra argument passed to SLURM script
#export TURBINE_SBATCH_ARGS=--qos=debug

# if R cannot be found, then these will need to be
# uncommented and set correctly.
# export R_HOME=/path/to/R
# export LD_LIBRARY_PATH=$LD_LIBRARY_PATH:$R_HOME/lib
# export PYTHONHOME=/path/to/python
export PYTHONPATH=$EMEWS_PROJECT_ROOT/python:$EMEWS_PROJECT_ROOT/ext/EQ-Py

# Resident task workers and ranks
export TURBINE_RESIDENT_WORK_WORKERS=1
export RESIDENT_WORK_RANKS=$(( PROCS - 2 ))

# EQ/Py location
EQPY=$EMEWS_PROJECT_ROOT/ext/EQ-Py

# TODO edit command line arguments, e.g. -nv etc., as appropriate
# for your EQ/Py based run. $* will pass all of this script's
# command line arguments to the swift script
mkdir -p $TURBINE_OUTPUT

EXECUTABLE_SOURCE=$EMEWS_PROJECT_ROOT/data/PhysiBoSSv2/spheroid_TNF_v2
DEFAULT_XML_SOURCE=$EMEWS_PROJECT_ROOT/data/PhysiBoSSv2/config/*
GA_PARAMS_FILE_SOURCE=$2

EXECUTABLE_OUT=$TURBINE_OUTPUT/spheroid_TNF
DEFAULT_XML_OUT=$TURBINE_OUTPUT
GA_PARAMS_FILE_OUT=$TURBINE_OUTPUT/tnf_params.json

cp $EXECUTABLE_SOURCE $EXECUTABLE_OUT
cp -r $DEFAULT_XML_SOURCE $DEFAULT_XML_OUT
cp $GA_PARAMS_FILE_SOURCE $GA_PARAMS_FILE_OUT


ITERATIONS=100
REPLICATIONS=3
STRATEGY='hide-and-seek'
COOLING_SCHEDULE='geometric'

CMD_LINE_ARGS="$* -ni=$ITERATIONS -nv=$REPLICATIONS -st=$STRATEGY -cs=$COOLING_SCHEDULE -exe=$EXECUTABLE_OUT -settings=$DEFAULT_XML_OUT/PhysiCell_settings.xml -ga_parameters=$GA_PARAMS_FILE_OUT"

# Uncomment this for the BG/Q:
#export MODE=BGQ QUEUE=default

# set machine to your schedule type (e.g. pbs, slurm, cobalt etc.),
# or empty for an immediate non-queued unscheduled run
MACHINE="slurm"
# MACHINE=""

if [ -n "$MACHINE" ]; then
  MACHINE="-m $MACHINE"
fi

# Add any script variables that you want to log as
# part of the experiment meta data to the USER_VARS array,
# for example, USER_VARS=("VAR_1" "VAR_2")
USER_VARS=()
# log variables and script to to TURBINE_OUTPUT directory
log_script

# echo's anything following this to standard out
set -x
SWIFT_FILE=swift_run_bas.swift
swift-t -n $PROCS $MACHINE -p -I $EQPY -t f:$EMEWS_PROJECT_ROOT/etc/hosts.txt -r $EQPY $EMEWS_PROJECT_ROOT/swift/$SWIFT_FILE $CMD_LINE_ARGS
